<?xml version="1.0" encoding="UTF-8"?>
<!-- Generated by org.testng.reporters.JUnitReportReporter -->
<testsuite hostname="DESKTOP-8VJB88U" failures="0" tests="3" name="testcases.LoginTest" time="27.576" errors="0" timestamp="2022-03-18T09:20:37 GMT-07:00" skipped="1">
  <testcase classname="testcases.LoginTest" name="loginSuccessTest" time="20.023"/>
  <system-out/>
  <testcase classname="testcases.LoginTest" name="LoginFailureTest" time="7.553"/>
  <system-out/>
  <testcase classname="testcases.LoginTest" name="externalDataTest">
    <skipped/>
  </testcase> <!-- externalDataTest -->
  <system-out/>
</testsuite> <!-- testcases.LoginTest -->
