<?xml version="1.0" encoding="UTF-8"?>
<!-- Generated by org.testng.reporters.JUnitReportReporter -->
<testsuite skipped="1" hostname="DESKTOP-8VJB88U" name="testcases.LoginTest" tests="3" failures="0" timestamp="2022-03-22T10:44:07 IST" time="28.144" errors="0">
  <testcase name="loginSuccessTest" time="19.913" classname="testcases.LoginTest"/>
  <system-out/>
  <testcase name="LoginFailureTest" time="8.231" classname="testcases.LoginTest"/>
  <system-out/>
  <testcase name="externalDataTest" classname="testcases.LoginTest">
    <skipped/>
  </testcase> <!-- externalDataTest -->
  <system-out/>
</testsuite> <!-- testcases.LoginTest -->
