<?xml version="1.0" encoding="UTF-8"?>
<!-- Generated by org.testng.reporters.JUnitReportReporter -->
<testsuite skipped="1" hostname="DESKTOP-8VJB88U" name="testcases.LoginTest" tests="3" failures="0" timestamp="2022-03-19T09:40:57 IST" time="30.333" errors="0">
  <testcase name="loginSuccessTest" time="21.159" classname="testcases.LoginTest"/>
  <system-out/>
  <testcase name="LoginFailureTest" time="9.174" classname="testcases.LoginTest"/>
  <system-out/>
  <testcase name="externalDataTest" classname="testcases.LoginTest">
    <skipped/>
  </testcase> <!-- externalDataTest -->
  <system-out/>
</testsuite> <!-- testcases.LoginTest -->
